<?xml version="1.0" encoding="UTF-8"?>
<testsuite xmlns:xsi="http://www.w3.org/2001/XMLSchema-instance" xsi:noNamespaceSchemaLocation="https://maven.apache.org/surefire/maven-surefire-plugin/xsd/surefire-test-report.xsd" version="3.0.2" name="revenue.example.revenue.RevenueApplicationTests" time="21.952" tests="1" errors="0" skipped="0" failures="0">
  <properties>
[...]
</properties>
  <testcase name="contextLoads" classname="revenue.example.revenue.RevenueApplicationTests" time="1.887">
    <system-out><![CDATA[17:56:46.708 [main] INFO org.springframework.test.context.support.AnnotationConfigContextLoaderUtils -- Could not detect default configuration classes for test class [revenue.example.revenue.RevenueApplicationTests]: RevenueApplicationTests does not declare any static, non-private, non-final, nested classes annotated with @Configuration.
17:56:47.423 [main] INFO org.springframework.boot.test.context.SpringBootTestContextBootstrapper -- Found @SpringBootConfiguration revenue.example.revenue.RevenueApplication for test class revenue.example.revenue.RevenueApplicationTests
17:56:48.325 [main] INFO org.springframework.boot.devtools.restart.RestartApplicationListener -- Restart disabled due to context in which it is running

  .   ____          _            __ _ _
 /\\ / ___'_ __ _ _(_)_ __  __ _ \ \ \ \
( ( )\___ | '_ | '_| | '_ \/ _` | \ \ \ \
 \\/  ___)| |_)| | | | | || (_| |  ) ) ) )
  '  |____| .__|_| |_|_| |_\__, | / / / /
 =========|_|==============|___/=/_/_/_/

 :: Spring Boot ::                (v3.4.1)

2025-01-11T17:56:50.197-03:00  INFO 276612 --- [revenue] [           main] r.e.revenue.RevenueApplicationTests      : Starting RevenueApplicationTests using Java 23.0.1 with PID 276612 (started by kainom in /home/kainom/meusprojetos/revenue)
2025-01-11T17:56:50.200-03:00  INFO 276612 --- [revenue] [           main] r.e.revenue.RevenueApplicationTests      : No active profile set, falling back to 1 default profile: "default"
2025-01-11T17:56:55.222-03:00  INFO 276612 --- [revenue] [           main] .s.d.r.c.RepositoryConfigurationDelegate : Bootstrapping Spring Data MongoDB repositories in DEFAULT mode.
2025-01-11T17:56:55.537-03:00  INFO 276612 --- [revenue] [           main] .s.d.r.c.RepositoryConfigurationDelegate : Finished Spring Data repository scanning in 278 ms. Found 1 MongoDB repository interface.
2025-01-11T17:56:58.333-03:00  INFO 276612 --- [revenue] [ng3.mongodb.net] org.mongodb.driver.cluster               : Adding discovered server cluster0-shard-00-02.jmng3.mongodb.net:27017 to client view of cluster
2025-01-11T17:56:58.462-03:00  INFO 276612 --- [revenue] [           main] org.mongodb.driver.client                : MongoClient with metadata {"application": {"name": "Cluster0"}, "driver": {"name": "mongo-java-driver|sync|spring-boot", "version": "5.2.1"}, "os": {"type": "Linux", "name": "Linux", "architecture": "amd64", "version": "5.15.0-130-generic"}, "platform": "Java/Oracle Corporation/23.0.1+11-39"} created with settings MongoClientSettings{readPreference=primary, writeConcern=WriteConcern{w=majority, wTimeout=null ms, journal=null}, retryWrites=true, retryReads=true, readConcern=ReadConcern{level=null}, credential=MongoCredential{mechanism=null, userName='kainom', source='admin', password=<hidden>, mechanismProperties=<hidden>}, transportSettings=null, commandListeners=[], codecRegistry=ProvidersCodecRegistry{codecProviders=[ValueCodecProvider{}, BsonValueCodecProvider{}, DBRefCodecProvider{}, DBObjectCodecProvider{}, DocumentCodecProvider{}, CollectionCodecProvider{}, IterableCodecProvider{}, MapCodecProvider{}, GeoJsonCodecProvider{}, GridFSFileCodecProvider{}, Jsr310CodecProvider{}, JsonObjectCodecProvider{}, BsonCodecProvider{}, EnumCodecProvider{}, com.mongodb.client.model.mql.ExpressionCodecProvider@168ad26f, com.mongodb.Jep395RecordCodecProvider@4f93bf0a, com.mongodb.KotlinCodecProvider@322204dc]}, loggerSettings=LoggerSettings{maxDocumentLength=1000}, clusterSettings={hosts=[127.0.0.1:27017], srvHost=cluster0.jmng3.mongodb.net, srvServiceName=mongodb, mode=MULTIPLE, requiredClusterType=REPLICA_SET, requiredReplicaSetName='atlas-a3m12m-shard-0', serverSelector='null', clusterListeners='[]', serverSelectionTimeout='30000 ms', localThreshold='15 ms'}, socketSettings=SocketSettings{connectTimeoutMS=10000, readTimeoutMS=0, receiveBufferSize=0, proxySettings=ProxySettings{host=null, port=null, username=null, password=null}}, heartbeatSocketSettings=SocketSettings{connectTimeoutMS=10000, readTimeoutMS=10000, receiveBufferSize=0, proxySettings=ProxySettings{host=null, port=null, username=null, password=null}}, connectionPoolSettings=ConnectionPoolSettings{maxSize=100, minSize=0, maxWaitTimeMS=120000, maxConnectionLifeTimeMS=0, maxConnectionIdleTimeMS=0, maintenanceInitialDelayMS=0, maintenanceFrequencyMS=60000, connectionPoolListeners=[], maxConnecting=2}, serverSettings=ServerSettings{heartbeatFrequencyMS=10000, minHeartbeatFrequencyMS=500, serverMonitoringMode=AUTO, serverListeners='[]', serverMonitorListeners='[]'}, sslSettings=SslSettings{enabled=true, invalidHostNameAllowed=false, context=null}, applicationName='Cluster0', compressorList=[], uuidRepresentation=JAVA_LEGACY, serverApi=null, autoEncryptionSettings=null, dnsClient=null, inetAddressResolver=null, contextProvider=null, timeoutMS=null}
2025-01-11T17:56:58.595-03:00  INFO 276612 --- [revenue] [ng3.mongodb.net] org.mongodb.driver.cluster               : Adding discovered server cluster0-shard-00-01.jmng3.mongodb.net:27017 to client view of cluster
2025-01-11T17:56:58.638-03:00  INFO 276612 --- [revenue] [ng3.mongodb.net] org.mongodb.driver.cluster               : Adding discovered server cluster0-shard-00-00.jmng3.mongodb.net:27017 to client view of cluster
2025-01-11T17:57:00.041-03:00  INFO 276612 --- [revenue] [           main] i.m.r.core.builder.RunnerBuilderBase     : Mongock runner COMMUNITY version[[]]
2025-01-11T17:57:00.044-03:00  INFO 276612 --- [revenue] [           main] i.m.r.core.builder.RunnerBuilderBase     : Running Mongock with NO metadata
2025-01-11T17:57:00.045-03:00  WARN 276612 --- [revenue] [           main] i.m.r.core.builder.RunnerBuilderBase     : Property transaction-enabled not provided. It will become true as default in next versions. Set explicit value to false in case transaction are not desired.
2025-01-11T17:57:00.045-03:00  WARN 276612 --- [revenue] [           main] i.m.r.core.builder.RunnerBuilderBase     : Property transaction-enabled not provided and is unknown if driver is transactionable. BY DEFAULT MONGOCK WILL RUN IN NO-TRANSACTION MODE.
2025-01-11T17:57:01.023-03:00  INFO 276612 --- [revenue] [ngodb.net:27017] org.mongodb.driver.cluster               : Monitor thread successfully connected to server with description ServerDescription{address=cluster0-shard-00-00.jmng3.mongodb.net:27017, type=REPLICA_SET_SECONDARY, cryptd=false, state=CONNECTED, ok=true, minWireVersion=0, maxWireVersion=25, maxDocumentSize=16777216, logicalSessionTimeoutMinutes=30, roundTripTimeNanos=1312533024, minRoundTripTimeNanos=0, setName='atlas-a3m12m-shard-0', canonicalAddress=cluster0-shard-00-00.jmng3.mongodb.net:27017, hosts=[cluster0-shard-00-02.jmng3.mongodb.net:27017, cluster0-shard-00-00.jmng3.mongodb.net:27017, cluster0-shard-00-01.jmng3.mongodb.net:27017], passives=[], arbiters=[], primary='cluster0-shard-00-01.jmng3.mongodb.net:27017', tagSet=TagSet{[Tag{name='availabilityZone', value='sae1-az1'}, Tag{name='diskState', value='READY'}, Tag{name='nodeType', value='ELECTABLE'}, Tag{name='provider', value='AWS'}, Tag{name='region', value='SA_EAST_1'}, Tag{name='workloadType', value='OPERATIONAL'}]}, electionId=null, setVersion=33, topologyVersion=TopologyVersion{processId=677d36ed55869aab4c9ce4ff, counter=4}, lastWriteDate=Sat Jan 11 17:57:00 GMT-03:00 2025, lastUpdateTimeNanos=26673041243343}
2025-01-11T17:57:01.023-03:00  INFO 276612 --- [revenue] [ngodb.net:27017] org.mongodb.driver.cluster               : Monitor thread successfully connected to server with description ServerDescription{address=cluster0-shard-00-02.jmng3.mongodb.net:27017, type=REPLICA_SET_SECONDARY, cryptd=false, state=CONNECTED, ok=true, minWireVersion=0, maxWireVersion=25, maxDocumentSize=16777216, logicalSessionTimeoutMinutes=30, roundTripTimeNanos=1306876245, minRoundTripTimeNanos=0, setName='atlas-a3m12m-shard-0', canonicalAddress=cluster0-shard-00-02.jmng3.mongodb.net:27017, hosts=[cluster0-shard-00-02.jmng3.mongodb.net:27017, cluster0-shard-00-00.jmng3.mongodb.net:27017, cluster0-shard-00-01.jmng3.mongodb.net:27017], passives=[], arbiters=[], primary='cluster0-shard-00-01.jmng3.mongodb.net:27017', tagSet=TagSet{[Tag{name='availabilityZone', value='sae1-az2'}, Tag{name='diskState', value='READY'}, Tag{name='nodeType', value='ELECTABLE'}, Tag{name='provider', value='AWS'}, Tag{name='region', value='SA_EAST_1'}, Tag{name='workloadType', value='OPERATIONAL'}]}, electionId=null, setVersion=33, topologyVersion=TopologyVersion{processId=677d3e16066bf64bb4bb537b, counter=3}, lastWriteDate=Sat Jan 11 17:57:00 GMT-03:00 2025, lastUpdateTimeNanos=26673038910822}
2025-01-11T17:57:01.026-03:00  INFO 276612 --- [revenue] [ngodb.net:27017] org.mongodb.driver.cluster               : Monitor thread successfully connected to server with description ServerDescription{address=cluster0-shard-00-01.jmng3.mongodb.net:27017, type=REPLICA_SET_PRIMARY, cryptd=false, state=CONNECTED, ok=true, minWireVersion=0, maxWireVersion=25, maxDocumentSize=16777216, logicalSessionTimeoutMinutes=30, roundTripTimeNanos=1311223508, minRoundTripTimeNanos=0, setName='atlas-a3m12m-shard-0', canonicalAddress=cluster0-shard-00-01.jmng3.mongodb.net:27017, hosts=[cluster0-shard-00-02.jmng3.mongodb.net:27017, cluster0-shard-00-00.jmng3.mongodb.net:27017, cluster0-shard-00-01.jmng3.mongodb.net:27017], passives=[], arbiters=[], primary='cluster0-shard-00-01.jmng3.mongodb.net:27017', tagSet=TagSet{[Tag{name='availabilityZone', value='sae1-az3'}, Tag{name='diskState', value='READY'}, Tag{name='nodeType', value='ELECTABLE'}, Tag{name='provider', value='AWS'}, Tag{name='region', value='SA_EAST_1'}, Tag{name='workloadType', value='OPERATIONAL'}]}, electionId=7fffffff0000000000000093, setVersion=33, topologyVersion=TopologyVersion{processId=677d3a59fde49d3fa818a94d, counter=6}, lastWriteDate=Sat Jan 11 17:57:00 GMT-03:00 2025, lastUpdateTimeNanos=26673041511102}
2025-01-11T17:57:01.048-03:00  INFO 276612 --- [revenue] [ngodb.net:27017] org.mongodb.driver.cluster               : Discovered replica set primary cluster0-shard-00-01.jmng3.mongodb.net:27017 with max election id 7fffffff0000000000000093 and max set version 33
2025-01-11T17:57:03.077-03:00  WARN 276612 --- [revenue] [           main] .s.s.UserDetailsServiceAutoConfiguration : 

Using generated security password: dc806130-4aea-4054-9d27-831a99ed8e8d

This generated password is for development use only. Your security configuration must be updated before running your application in production.

2025-01-11T17:57:03.102-03:00  INFO 276612 --- [revenue] [           main] r$InitializeUserDetailsManagerConfigurer : Global AuthenticationManager configured with UserDetailsService bean with name inMemoryUserDetailsManager
2025-01-11T17:57:03.519-03:00  INFO 276612 --- [revenue] [           main] r.e.revenue.RevenueApplicationTests      : Started RevenueApplicationTests in 15.244 seconds (process running for 21.422)
2025-01-11T17:57:05.184-03:00  INFO 276612 --- [revenue] [           main] org.reflections.Reflections              : Reflections took 111 ms to scan 1 urls, producing 2 keys and 2 values
2025-01-11T17:57:05.192-03:00  INFO 276612 --- [revenue] [           main] org.reflections.Reflections              : Reflections took 1 ms to scan 1 urls, producing 2 keys and 2 values
2025-01-11T17:57:05.249-03:00  INFO 276612 --- [revenue] [           main] i.m.driver.core.lock.LockManagerDefault  : Mongock trying to acquire the lock
2025-01-11T17:57:05.308-03:00  INFO 276612 --- [revenue] [           main] i.m.driver.core.lock.LockManagerDefault  : Mongock acquired the lock until: Sat Jan 11 17:58:05 GMT-03:00 2025
2025-01-11T17:57:05.308-03:00  INFO 276612 --- [revenue] [       Thread-4] i.m.driver.core.lock.LockManagerDefault  : Starting mongock lock daemon...
2025-01-11T17:57:05.391-03:00  INFO 276612 --- [revenue] [           main] i.m.r.c.e.system.SystemUpdateExecutor    : Mongock starting the system update execution id[2025-01-11T17:57:00.041199800-659]...
2025-01-11T17:57:05.400-03:00  INFO 276612 --- [revenue] [           main] i.m.r.c.executor.ChangeLogRuntimeImpl    : method[io.mongock.runner.core.executor.system.changes.SystemChangeUnit00001] with arguments: []
2025-01-11T17:57:05.406-03:00  INFO 276612 --- [revenue] [           main] i.m.r.c.executor.ChangeLogRuntimeImpl    : method[beforeExecution] with arguments: [io.mongock.driver.mongodb.springdata.v4.SpringDataMongoV4ChangeEntryRepository]
2025-01-11T17:57:05.431-03:00  INFO 276612 --- [revenue] [           main] i.m.r.core.executor.ChangeExecutorBase   : APPLIED - {"id"="system-change-00001_before", "type"="before-execution", "author"="mongock", "class"="SystemChangeUnit00001", "method"="beforeExecution"}
2025-01-11T17:57:05.456-03:00  INFO 276612 --- [revenue] [           main] i.m.r.c.executor.ChangeLogRuntimeImpl    : method[execution] with arguments: [io.mongock.driver.mongodb.springdata.v4.SpringDataMongoV4ChangeEntryRepository]
2025-01-11T17:57:05.475-03:00  INFO 276612 --- [revenue] [           main] i.m.r.core.executor.ChangeExecutorBase   : APPLIED - {"id"="system-change-00001", "type"="execution", "author"="mongock", "class"="SystemChangeUnit00001", "method"="execution"}
2025-01-11T17:57:05.497-03:00  INFO 276612 --- [revenue] [           main] i.m.driver.core.lock.LockManagerDefault  : Mongock waiting to release the lock
2025-01-11T17:57:05.500-03:00  INFO 276612 --- [revenue] [           main] i.m.driver.core.lock.LockManagerDefault  : Mongock releasing the lock
2025-01-11T17:57:05.500-03:00  INFO 276612 --- [revenue] [       Thread-4] i.m.driver.core.lock.LockManagerDefault  : Cancelled mongock lock daemon
2025-01-11T17:57:05.524-03:00  INFO 276612 --- [revenue] [           main] i.m.driver.core.lock.LockManagerDefault  : Mongock released the lock
2025-01-11T17:57:05.525-03:00  INFO 276612 --- [revenue] [           main] i.m.r.c.e.system.SystemUpdateExecutor    : Mongock has finished the system update execution
2025-01-11T17:57:05.532-03:00  INFO 276612 --- [revenue] [           main] org.reflections.Reflections              : Reflections took 6 ms to scan 1 urls, producing 2 keys and 2 values
2025-01-11T17:57:05.536-03:00  INFO 276612 --- [revenue] [           main] org.reflections.Reflections              : Reflections took 3 ms to scan 1 urls, producing 2 keys and 2 values
2025-01-11T17:57:05.536-03:00  INFO 276612 --- [revenue] [           main] i.m.r.c.e.o.migrate.MigrateExecutorBase  : Mongock skipping the data migration. There is no change set item.
2025-01-11T17:57:05.536-03:00  INFO 276612 --- [revenue] [           main] i.m.r.c.e.o.migrate.MigrateExecutorBase  : Mongock has finished
]]></system-out>
    <system-err><![CDATA[Mockito is currently self-attaching to enable the inline-mock-maker. This will no longer work in future releases of the JDK. Please add Mockito as an agent to your build what is described in Mockito's documentation: https://javadoc.io/doc/org.mockito/mockito-core/latest/org/mockito/Mockito.html#0.3
WARNING: A Java agent has been loaded dynamically (/home/kainom/.m2/repository/net/bytebuddy/byte-buddy-agent/1.15.11/byte-buddy-agent-1.15.11.jar)
WARNING: If a serviceability tool is in use, please run with -XX:+EnableDynamicAgentLoading to hide this warning
WARNING: If a serviceability tool is not in use, please run with -Djdk.instrument.traceUsage for more information
WARNING: Dynamic loading of agents will be disallowed by default in a future release
]]></system-err>
  </testcase>
</testsuite>