<?xml version="1.0" encoding="UTF-8"?>
<testsuite xmlns:xsi="http://www.w3.org/2001/XMLSchema-instance" xsi:noNamespaceSchemaLocation="https://maven.apache.org/surefire/maven-surefire-plugin/xsd/surefire-test-report.xsd" version="3.0.2" name="revenue.example.revenue.RevenueApplicationTests" time="8.902" tests="1" errors="0" skipped="0" failures="0">
  <properties>
[...]
</properties>
  <testcase name="contextLoads" classname="revenue.example.revenue.RevenueApplicationTests" time="1.156">
    <system-out><![CDATA[21:28:36.205 [main] INFO org.springframework.test.context.support.AnnotationConfigContextLoaderUtils -- Could not detect default configuration classes for test class [revenue.example.revenue.RevenueApplicationTests]: RevenueApplicationTests does not declare any static, non-private, non-final, nested classes annotated with @Configuration.
21:28:36.452 [main] INFO org.springframework.boot.test.context.SpringBootTestContextBootstrapper -- Found @SpringBootConfiguration revenue.example.revenue.RevenueApplication for test class revenue.example.revenue.RevenueApplicationTests
21:28:36.758 [main] INFO org.springframework.boot.devtools.restart.RestartApplicationListener -- Restart disabled due to context in which it is running

  .   ____          _            __ _ _
 /\\ / ___'_ __ _ _(_)_ __  __ _ \ \ \ \
( ( )\___ | '_ | '_| | '_ \/ _` | \ \ \ \
 \\/  ___)| |_)| | | | | || (_| |  ) ) ) )
  '  |____| .__|_| |_|_| |_\__, | / / / /
 =========|_|==============|___/=/_/_/_/

 :: Spring Boot ::                (v3.4.1)

2025-03-27T21:28:37.375-03:00  INFO 90287 --- [revenue] [           main] r.e.revenue.RevenueApplicationTests      : Starting RevenueApplicationTests using Java 23.0.1 with PID 90287 (started by kainom in /home/kainom/meusprojetos/revenue)
2025-03-27T21:28:37.378-03:00  INFO 90287 --- [revenue] [           main] r.e.revenue.RevenueApplicationTests      : No active profile set, falling back to 1 default profile: "default"
2025-03-27T21:28:38.953-03:00  INFO 90287 --- [revenue] [           main] .s.d.r.c.RepositoryConfigurationDelegate : Bootstrapping Spring Data MongoDB repositories in DEFAULT mode.
2025-03-27T21:28:39.076-03:00  INFO 90287 --- [revenue] [           main] .s.d.r.c.RepositoryConfigurationDelegate : Finished Spring Data repository scanning in 109 ms. Found 2 MongoDB repository interfaces.
2025-03-27T21:28:40.072-03:00  INFO 90287 --- [revenue] [ng3.mongodb.net] org.mongodb.driver.cluster               : Adding discovered server cluster0-shard-00-02.jmng3.mongodb.net:27017 to client view of cluster
2025-03-27T21:28:40.088-03:00  INFO 90287 --- [revenue] [           main] org.mongodb.driver.client                : MongoClient with metadata {"application": {"name": "Cluster0"}, "driver": {"name": "mongo-java-driver|sync|spring-boot", "version": "5.2.1"}, "os": {"type": "Linux", "name": "Linux", "architecture": "amd64", "version": "5.15.0-135-generic"}, "platform": "Java/Oracle Corporation/23.0.1+11-39"} created with settings MongoClientSettings{readPreference=primary, writeConcern=WriteConcern{w=majority, wTimeout=null ms, journal=null}, retryWrites=true, retryReads=true, readConcern=ReadConcern{level=null}, credential=MongoCredential{mechanism=null, userName='kainom', source='admin', password=<hidden>, mechanismProperties=<hidden>}, transportSettings=null, commandListeners=[], codecRegistry=ProvidersCodecRegistry{codecProviders=[ValueCodecProvider{}, BsonValueCodecProvider{}, DBRefCodecProvider{}, DBObjectCodecProvider{}, DocumentCodecProvider{}, CollectionCodecProvider{}, IterableCodecProvider{}, MapCodecProvider{}, GeoJsonCodecProvider{}, GridFSFileCodecProvider{}, Jsr310CodecProvider{}, JsonObjectCodecProvider{}, BsonCodecProvider{}, EnumCodecProvider{}, com.mongodb.client.model.mql.ExpressionCodecProvider@7459a21e, com.mongodb.Jep395RecordCodecProvider@7eeb38b2, com.mongodb.KotlinCodecProvider@d54d0f5]}, loggerSettings=LoggerSettings{maxDocumentLength=1000}, clusterSettings={hosts=[127.0.0.1:27017], srvHost=cluster0.jmng3.mongodb.net, srvServiceName=mongodb, mode=MULTIPLE, requiredClusterType=REPLICA_SET, requiredReplicaSetName='atlas-a3m12m-shard-0', serverSelector='null', clusterListeners='[]', serverSelectionTimeout='30000 ms', localThreshold='15 ms'}, socketSettings=SocketSettings{connectTimeoutMS=10000, readTimeoutMS=0, receiveBufferSize=0, proxySettings=ProxySettings{host=null, port=null, username=null, password=null}}, heartbeatSocketSettings=SocketSettings{connectTimeoutMS=10000, readTimeoutMS=10000, receiveBufferSize=0, proxySettings=ProxySettings{host=null, port=null, username=null, password=null}}, connectionPoolSettings=ConnectionPoolSettings{maxSize=100, minSize=0, maxWaitTimeMS=120000, maxConnectionLifeTimeMS=0, maxConnectionIdleTimeMS=0, maintenanceInitialDelayMS=0, maintenanceFrequencyMS=60000, connectionPoolListeners=[], maxConnecting=2}, serverSettings=ServerSettings{heartbeatFrequencyMS=10000, minHeartbeatFrequencyMS=500, serverMonitoringMode=AUTO, serverListeners='[]', serverMonitorListeners='[]'}, sslSettings=SslSettings{enabled=true, invalidHostNameAllowed=false, context=null}, applicationName='Cluster0', compressorList=[], uuidRepresentation=JAVA_LEGACY, serverApi=null, autoEncryptionSettings=null, dnsClient=null, inetAddressResolver=null, contextProvider=null, timeoutMS=null}
2025-03-27T21:28:40.127-03:00  INFO 90287 --- [revenue] [ng3.mongodb.net] org.mongodb.driver.cluster               : Adding discovered server cluster0-shard-00-01.jmng3.mongodb.net:27017 to client view of cluster
2025-03-27T21:28:40.147-03:00  INFO 90287 --- [revenue] [ng3.mongodb.net] org.mongodb.driver.cluster               : Adding discovered server cluster0-shard-00-00.jmng3.mongodb.net:27017 to client view of cluster
2025-03-27T21:28:41.216-03:00  INFO 90287 --- [revenue] [           main] i.m.r.core.builder.RunnerBuilderBase     : Mongock runner COMMUNITY version[[]]
2025-03-27T21:28:41.218-03:00  INFO 90287 --- [revenue] [           main] i.m.r.core.builder.RunnerBuilderBase     : Running Mongock with NO metadata
2025-03-27T21:28:41.218-03:00  WARN 90287 --- [revenue] [           main] i.m.r.core.builder.RunnerBuilderBase     : Property transaction-enabled not provided. It will become true as default in next versions. Set explicit value to false in case transaction are not desired.
2025-03-27T21:28:41.218-03:00  WARN 90287 --- [revenue] [           main] i.m.r.core.builder.RunnerBuilderBase     : Property transaction-enabled not provided and is unknown if driver is transactionable. BY DEFAULT MONGOCK WILL RUN IN NO-TRANSACTION MODE.
2025-03-27T21:28:41.591-03:00  INFO 90287 --- [revenue] [ngodb.net:27017] org.mongodb.driver.cluster               : Monitor thread successfully connected to server with description ServerDescription{address=cluster0-shard-00-00.jmng3.mongodb.net:27017, type=REPLICA_SET_SECONDARY, cryptd=false, state=CONNECTED, ok=true, minWireVersion=0, maxWireVersion=25, maxDocumentSize=16777216, logicalSessionTimeoutMinutes=30, roundTripTimeNanos=756423397, minRoundTripTimeNanos=0, setName='atlas-a3m12m-shard-0', canonicalAddress=cluster0-shard-00-00.jmng3.mongodb.net:27017, hosts=[cluster0-shard-00-02.jmng3.mongodb.net:27017, cluster0-shard-00-00.jmng3.mongodb.net:27017, cluster0-shard-00-01.jmng3.mongodb.net:27017], passives=[], arbiters=[], primary='cluster0-shard-00-02.jmng3.mongodb.net:27017', tagSet=TagSet{[Tag{name='availabilityZone', value='sae1-az1'}, Tag{name='diskState', value='READY'}, Tag{name='nodeType', value='ELECTABLE'}, Tag{name='provider', value='AWS'}, Tag{name='region', value='SA_EAST_1'}, Tag{name='workloadType', value='OPERATIONAL'}]}, electionId=null, setVersion=60, topologyVersion=TopologyVersion{processId=67e3face84931ff824394dd3, counter=4}, lastWriteDate=Thu Mar 27 21:28:41 GMT-03:00 2025, lastUpdateTimeNanos=10974343559246}
2025-03-27T21:28:41.601-03:00  INFO 90287 --- [revenue] [ngodb.net:27017] org.mongodb.driver.cluster               : Monitor thread successfully connected to server with description ServerDescription{address=cluster0-shard-00-02.jmng3.mongodb.net:27017, type=REPLICA_SET_PRIMARY, cryptd=false, state=CONNECTED, ok=true, minWireVersion=0, maxWireVersion=25, maxDocumentSize=16777216, logicalSessionTimeoutMinutes=30, roundTripTimeNanos=690201258, minRoundTripTimeNanos=0, setName='atlas-a3m12m-shard-0', canonicalAddress=cluster0-shard-00-02.jmng3.mongodb.net:27017, hosts=[cluster0-shard-00-02.jmng3.mongodb.net:27017, cluster0-shard-00-00.jmng3.mongodb.net:27017, cluster0-shard-00-01.jmng3.mongodb.net:27017], passives=[], arbiters=[], primary='cluster0-shard-00-02.jmng3.mongodb.net:27017', tagSet=TagSet{[Tag{name='availabilityZone', value='sae1-az2'}, Tag{name='diskState', value='READY'}, Tag{name='nodeType', value='ELECTABLE'}, Tag{name='provider', value='AWS'}, Tag{name='region', value='SA_EAST_1'}, Tag{name='workloadType', value='OPERATIONAL'}]}, electionId=7fffffff00000000000000ae, setVersion=60, topologyVersion=TopologyVersion{processId=67e3fb02e3fba5966c909e2c, counter=6}, lastWriteDate=Thu Mar 27 21:28:41 GMT-03:00 2025, lastUpdateTimeNanos=10974342880555}
2025-03-27T21:28:41.604-03:00  INFO 90287 --- [revenue] [ngodb.net:27017] org.mongodb.driver.cluster               : Monitor thread successfully connected to server with description ServerDescription{address=cluster0-shard-00-01.jmng3.mongodb.net:27017, type=REPLICA_SET_SECONDARY, cryptd=false, state=CONNECTED, ok=true, minWireVersion=0, maxWireVersion=25, maxDocumentSize=16777216, logicalSessionTimeoutMinutes=30, roundTripTimeNanos=745497411, minRoundTripTimeNanos=0, setName='atlas-a3m12m-shard-0', canonicalAddress=cluster0-shard-00-01.jmng3.mongodb.net:27017, hosts=[cluster0-shard-00-02.jmng3.mongodb.net:27017, cluster0-shard-00-00.jmng3.mongodb.net:27017, cluster0-shard-00-01.jmng3.mongodb.net:27017], passives=[], arbiters=[], primary='cluster0-shard-00-02.jmng3.mongodb.net:27017', tagSet=TagSet{[Tag{name='availabilityZone', value='sae1-az3'}, Tag{name='diskState', value='READY'}, Tag{name='nodeType', value='ELECTABLE'}, Tag{name='provider', value='AWS'}, Tag{name='region', value='SA_EAST_1'}, Tag{name='workloadType', value='OPERATIONAL'}]}, electionId=null, setVersion=60, topologyVersion=TopologyVersion{processId=67e3fb373793a2e432a1093d, counter=3}, lastWriteDate=Thu Mar 27 21:28:41 GMT-03:00 2025, lastUpdateTimeNanos=10974340749034}
2025-03-27T21:28:41.625-03:00  INFO 90287 --- [revenue] [ngodb.net:27017] org.mongodb.driver.cluster               : Discovered replica set primary cluster0-shard-00-02.jmng3.mongodb.net:27017 with max election id 7fffffff00000000000000ae and max set version 60
2025-03-27T21:28:43.169-03:00  INFO 90287 --- [revenue] [           main] r.e.revenue.RevenueApplicationTests      : Started RevenueApplicationTests in 6.437 seconds (process running for 8.256)
2025-03-27T21:28:43.336-03:00  INFO 90287 --- [revenue] [           main] org.reflections.Reflections              : Reflections took 70 ms to scan 1 urls, producing 2 keys and 2 values
2025-03-27T21:28:43.348-03:00  INFO 90287 --- [revenue] [           main] org.reflections.Reflections              : Reflections took 2 ms to scan 1 urls, producing 2 keys and 2 values
2025-03-27T21:28:43.418-03:00  INFO 90287 --- [revenue] [           main] i.m.r.c.e.system.SystemUpdateExecutor    : Mongock skipping the system update execution. All system change set items are already executed.
2025-03-27T21:28:43.419-03:00  INFO 90287 --- [revenue] [           main] i.m.r.core.executor.ChangeExecutorBase   : PASSED OVER - {"id"="system-change-00001_before", "type"="before-execution", "author"="mongock", "class"="SystemChangeUnit00001", "method"="beforeExecution"}
2025-03-27T21:28:43.420-03:00  INFO 90287 --- [revenue] [           main] i.m.r.core.executor.ChangeExecutorBase   : PASSED OVER - {"id"="system-change-00001", "type"="execution", "author"="mongock", "class"="SystemChangeUnit00001", "method"="execution"}
2025-03-27T21:28:43.420-03:00  INFO 90287 --- [revenue] [           main] i.m.r.c.e.system.SystemUpdateExecutor    : Mongock has finished the system update execution
2025-03-27T21:28:43.434-03:00  INFO 90287 --- [revenue] [           main] org.reflections.Reflections              : Reflections took 12 ms to scan 1 urls, producing 1 keys and 5 values
2025-03-27T21:28:43.442-03:00  INFO 90287 --- [revenue] [           main] org.reflections.Reflections              : Reflections took 7 ms to scan 1 urls, producing 1 keys and 5 values
2025-03-27T21:28:43.601-03:00  INFO 90287 --- [revenue] [           main] i.m.r.c.e.o.migrate.MigrateExecutorBase  : Mongock skipping the data migration. All change set items are already executed.
2025-03-27T21:28:43.601-03:00  INFO 90287 --- [revenue] [           main] i.m.r.core.executor.ChangeExecutorBase   : PASSED OVER - {"id"="addInitialRevenue", "type"="execution", "author"="kainom", "class"="DatabaseChangelog", "method"="execute"}
2025-03-27T21:28:43.601-03:00  INFO 90287 --- [revenue] [           main] i.m.r.core.executor.ChangeExecutorBase   : PASSED OVER - {"id"="addAnotherRevenue", "type"="execution", "author"="kainom", "class"="AddAnotherRevenue", "method"="execute"}
2025-03-27T21:28:43.602-03:00  INFO 90287 --- [revenue] [           main] i.m.r.core.executor.ChangeExecutorBase   : PASSED OVER - {"id"="addNewFields", "type"="execution", "author"="kainom", "class"="AddNewFieldsRevenue", "method"="addNewField"}
2025-03-27T21:28:43.602-03:00  INFO 90287 --- [revenue] [           main] i.m.r.core.executor.ChangeExecutorBase   : PASSED OVER - {"id"="addAnotherRevenue002", "type"="execution", "author"="kainom", "class"="AddAnotherRevenue002", "method"="execute"}
2025-03-27T21:28:43.602-03:00  INFO 90287 --- [revenue] [           main] i.m.r.core.executor.ChangeExecutorBase   : PASSED OVER - {"id"="RenameFieldExpense", "type"="execution", "author"="kainom", "class"="RenameFieldExpense", "method"="renameField"}
2025-03-27T21:28:43.602-03:00  INFO 90287 --- [revenue] [           main] i.m.r.c.e.o.migrate.MigrateExecutorBase  : Mongock has finished
]]></system-out>
    <system-err><![CDATA[Mockito is currently self-attaching to enable the inline-mock-maker. This will no longer work in future releases of the JDK. Please add Mockito as an agent to your build what is described in Mockito's documentation: https://javadoc.io/doc/org.mockito/mockito-core/latest/org/mockito/Mockito.html#0.3
WARNING: A Java agent has been loaded dynamically (/home/kainom/.m2/repository/net/bytebuddy/byte-buddy-agent/1.15.11/byte-buddy-agent-1.15.11.jar)
WARNING: If a serviceability tool is in use, please run with -XX:+EnableDynamicAgentLoading to hide this warning
WARNING: If a serviceability tool is not in use, please run with -Djdk.instrument.traceUsage for more information
WARNING: Dynamic loading of agents will be disallowed by default in a future release
]]></system-err>
  </testcase>
</testsuite>